<?xml version="1.0" encoding="UTF-8"?>
<!-- Generated by org.testng.reporters.JUnitReportReporter -->
<testsuite skipped="0" hostname="DESKTOP-0AMJ84D" name="com.inetbanking.testCases.TC_AddCustomerTest_003" tests="1" failures="0" timestamp="01 Jul 2020 19:38:22 GMT" time="29.025" errors="0">
  <testcase name="addNewCustomer" time="29.025" classname="com.inetbanking.testCases.TC_AddCustomerTest_003"/>
</testsuite> <!-- com.inetbanking.testCases.TC_AddCustomerTest_003 -->
